Lmod has detected the following error: Unable to find: "load".



Lmod has detected the following error: Unable to find: "load".



/cluster/work/emilamy/MasterThesisRaw/UtilitiesMaster.py:205: RuntimeWarning: overflow encountered in exp
  return np.exp(old - min(old,new)),np.exp(new - min(old,new))
0.7938726937136246
0.46641137393762805
0.8322338443570395
1.1050128288645562
1.356656629165213
0.8163182743792486
1.0908295821847387
0.9230615341957964
0.9555590841137269
1.049569397148017
1.1187453394339393
0.9707320127207961
0.9915056242179806
1.0098810799618263
0.787578625685584
1.3281456380810905
1.2665283014285076
1.4074364778278594
1.1410973880792634
1.4334697563522463
1.2800067391261023
0.7617042272415662
1.1348188451747312
1.2441198723393472
1.0413439182608952
1.3437305833044324
1.0480543728703549
0.7774835484948961
0.6966860436515965
0.787315155785492
1.1593904167140936
1.2074427130523793
1.1017428717050632
1.195677624693084
0.9651082786747864
1.0484148848011963
0.7921123255826883
0.9084680061929453
0.9048175028695937
0.9126042916156091
0.9505893678220079
1.2400577629825624
1.1075302379289076
1.0112595176495585
