Lmod has detected the following error: Unable to find: "load".



Lmod has detected the following error: Unable to find: "load".



/cluster/work/emilamy/MasterThesisRaw/UtOld.py:201: RuntimeWarning: overflow encountered in exp
  return np.exp(old - min(old,new)),np.exp(new - min(old,new))
/cluster/work/emilamy/MasterThesisRaw/UtOld.py:158: RuntimeWarning: divide by zero encountered in log
  h = -np.sum(vp_normalized*np.log(vp_normalized))
/cluster/work/emilamy/MasterThesisRaw/UtOld.py:158: RuntimeWarning: invalid value encountered in multiply
  h = -np.sum(vp_normalized*np.log(vp_normalized))
/cluster/work/emilamy/MasterThesisRaw/UtOld.py:248: RuntimeWarning: divide by zero encountered in log
  log_posterior += np.log(np.sum(vp)/self.P)
/cluster/work/emilamy/MasterThesisRaw/UtOld.py:156: RuntimeWarning: invalid value encountered in true_divide
  return vp/np.sum(vp)
/cluster/work/emilamy/MasterThesisRaw/UtOld.py:199: RuntimeWarning: invalid value encountered in double_scalars
  return spike_prob_ratio * prior_ratio * proposal_ratio
/cluster/work/emilamy/dataci/lib/python3.6/site-packages/scipy/stats/_continuous_distns.py:2821: RuntimeWarning: overflow encountered in exp
  return np.exp(self._logpdf(x, a))
/cluster/work/emilamy/MasterThesisRaw/UtOld.py:198: RuntimeWarning: invalid value encountered in double_scalars
  gamma.pdf(theta_next[i],a=shapes[i],scale=theta_prior[i]/shapes[i])
/cluster/work/emilamy/MasterThesisRaw/UtOld.py:198: RuntimeWarning: divide by zero encountered in double_scalars
  gamma.pdf(theta_next[i],a=shapes[i],scale=theta_prior[i]/shapes[i])
