slurmstepd: error: get_exit_code task 0 died by signal
/lustre1/work/emilamy/MasterThesisRaw/UtilitiesMaster.py:179: RuntimeWarning: overflow encountered in exp
  return np.exp(old - min(old,new)),np.exp(new - min(old,new))
0.005
2000
0.005
2000
0.005
2000
0.005
2000
0.005
2000
0.005
2000
0.005
2000
0.005
2000
0.005
2000
0.005
2000
0.005
2000
0.005
2000
0.005
2000
0.005
2000
0.005
2000
0.005
2000
0.005
2000
0.005
2000
0.005
2000
0.005
2000
0.005
2000
0.005
2000
0.005
2000
0.005
2000
0.005
2000
0.005
2000
0.005
2000
0.005
2000
0.005
2000
