Lmod has detected the following error: Unable to find: "load".



Lmod has detected the following error: Unable to find: "load".



UtilitiesMaster.py:254: RuntimeWarning: divide by zero encountered in log
  log_posterior += np.log(np.sum(vp)/self.P)
UtilitiesMaster.py:154: RuntimeWarning: invalid value encountered in true_divide
  return vp/np.sum(vp)
/cluster/work/emilamy/dataci/lib/python3.6/site-packages/scipy/stats/_continuous_distns.py:2821: RuntimeWarning: overflow encountered in exp
  return np.exp(self._logpdf(x, a))
UtilitiesMaster.py:200: RuntimeWarning: invalid value encountered in double_scalars
  gamma.pdf(theta_next[i],a=shapes[i],scale=theta_prior[i]/shapes[i])
UtilitiesMaster.py:200: RuntimeWarning: divide by zero encountered in double_scalars
  gamma.pdf(theta_next[i],a=shapes[i],scale=theta_prior[i]/shapes[i])
UtilitiesMaster.py:157: RuntimeWarning: divide by zero encountered in log
  h = -np.sum(vp_normalized*np.log(vp_normalized))
UtilitiesMaster.py:157: RuntimeWarning: invalid value encountered in multiply
  h = -np.sum(vp_normalized*np.log(vp_normalized))
UtilitiesMaster.py:205: RuntimeWarning: overflow encountered in exp
  return np.exp(old - min(old,new)),np.exp(new - min(old,new))
UtilitiesMaster.py:200: RuntimeWarning: overflow encountered in double_scalars
  gamma.pdf(theta_next[i],a=shapes[i],scale=theta_prior[i]/shapes[i])
/cluster/work/emilamy/dataci/lib/python3.6/site-packages/scipy/stats/_distn_infrastructure.py:1760: RuntimeWarning: divide by zero encountered in double_scalars
  x = np.asarray((x - loc)/scale, dtype=dtyp)
UtilitiesMaster.py:198: RuntimeWarning: invalid value encountered in double_scalars
  gamma.pdf(theta_prior[i],a=self.shapes_prior[i],scale=1/self.rates_prior[i])
/cluster/work/emilamy/dataci/lib/python3.6/site-packages/scipy/stats/_distn_infrastructure.py:1760: RuntimeWarning: invalid value encountered in double_scalars
  x = np.asarray((x - loc)/scale, dtype=dtyp)
/cluster/work/emilamy/dataci/lib/python3.6/site-packages/scipy/stats/_distn_infrastructure.py:1769: RuntimeWarning: overflow encountered in true_divide
  place(output, cond, self._pdf(*goodargs) / scale)
UtilitiesMaster.py:190: RuntimeWarning: invalid value encountered in double_scalars
  proposal = np.array([(np.random.gamma(new_shapes[i],theta[-1][i]/new_shapes[i])) for i in range(self.N)])
