Lmod has detected the following error: Unable to find: "load".



Lmod has detected the following error: Unable to find: "load".



/cluster/work/emilamy/MasterThesisRaw/UtilitiesMaster.py:205: RuntimeWarning: overflow encountered in exp
  return np.exp(old - min(old,new)),np.exp(new - min(old,new))
/cluster/work/emilamy/dataci/lib/python3.6/site-packages/scipy/stats/_continuous_distns.py:2821: RuntimeWarning: overflow encountered in exp
  return np.exp(self._logpdf(x, a))
/cluster/work/emilamy/MasterThesisRaw/UtilitiesMaster.py:200: RuntimeWarning: invalid value encountered in double_scalars
  gamma.pdf(theta_next[i],a=shapes[i],scale=theta_prior[i]/shapes[i])
/cluster/work/emilamy/MasterThesisRaw/UtilitiesMaster.py:200: RuntimeWarning: divide by zero encountered in double_scalars
  gamma.pdf(theta_next[i],a=shapes[i],scale=theta_prior[i]/shapes[i])
/cluster/work/emilamy/MasterThesisRaw/UtilitiesMaster.py:157: RuntimeWarning: divide by zero encountered in log
  h = -np.sum(vp_normalized*np.log(vp_normalized))
/cluster/work/emilamy/MasterThesisRaw/UtilitiesMaster.py:157: RuntimeWarning: invalid value encountered in multiply
  h = -np.sum(vp_normalized*np.log(vp_normalized))
/cluster/work/emilamy/MasterThesisRaw/UtilitiesMaster.py:254: RuntimeWarning: divide by zero encountered in log
  log_posterior += np.log(np.sum(vp)/self.P)
/cluster/work/emilamy/MasterThesisRaw/UtilitiesMaster.py:154: RuntimeWarning: invalid value encountered in true_divide
  return vp/np.sum(vp)
/cluster/work/emilamy/dataci/lib/python3.6/site-packages/scipy/stats/_distn_infrastructure.py:1760: RuntimeWarning: overflow encountered in double_scalars
  x = np.asarray((x - loc)/scale, dtype=dtyp)
/cluster/work/emilamy/MasterThesisRaw/UtilitiesMaster.py:201: RuntimeWarning: invalid value encountered in double_scalars
  return spike_prob_ratio * prior_ratio * proposal_ratio
/cluster/work/emilamy/MasterThesisRaw/UtilitiesMaster.py:200: RuntimeWarning: overflow encountered in double_scalars
  gamma.pdf(theta_next[i],a=shapes[i],scale=theta_prior[i]/shapes[i])
/cluster/work/emilamy/MasterThesisRaw/UtilitiesMaster.py:21: RuntimeWarning: overflow encountered in exp
  return np.exp(x)/(1+np.exp(x))
/cluster/work/emilamy/MasterThesisRaw/UtilitiesMaster.py:21: RuntimeWarning: invalid value encountered in true_divide
  return np.exp(x)/(1+np.exp(x))
1.116770862742016
1.1602949137615732
1.0884066384524624
0.8574929532012193
0.6558425024196506
1.0132027503424086
1.1516889250207012
1.0288695228492035
1.243433129132
1.0705904689148147
1.1011897921839942
1.081817548413315
0.9934733763110655
0.7255240195986951
0.9487239872191653
0.8040410079984649
0.9018296671243096
0.830373147719853
0.9313115515239166
0.9762557349719017
