Lmod has detected the following error: Unable to find: "load".



Lmod has detected the following error: Unable to find: "load".



/cluster/work/emilamy/MasterThesisRaw/UtilitiesMaster.py:231: RuntimeWarning: overflow encountered in exp
  return np.exp(old - min(old,new)),np.exp(new - min(old,new))
/cluster/work/emilamy/MasterThesisRaw/UtilitiesMaster.py:212: RuntimeWarning: divide by zero encountered in double_scalars
  gamma.pdf(theta_next[i],a=shapes[i],scale=theta_prior[i]/shapes[i])
/cluster/work/emilamy/dataci/lib/python3.6/site-packages/scipy/stats/_continuous_distns.py:2821: RuntimeWarning: overflow encountered in exp
  return np.exp(self._logpdf(x, a))
/cluster/work/emilamy/MasterThesisRaw/UtilitiesMaster.py:212: RuntimeWarning: invalid value encountered in double_scalars
  gamma.pdf(theta_next[i],a=shapes[i],scale=theta_prior[i]/shapes[i])
Traceback (most recent call last):
  File "Sim1to4high.py", line 36, in <module>
    Tauest = inference_sub.standardMH() 
  File "/cluster/work/emilamy/MasterThesisRaw/UtilitiesMaster.py", line 328, in standardMH
    _,_,new_log_post = self.particle_filter(theta_next[0],theta_next[1])
  File "/cluster/work/emilamy/MasterThesisRaw/UtilitiesMaster.py", line 272, in particle_filter
    wp = self.resampling(v_normalized,wp)
  File "/cluster/work/emilamy/MasterThesisRaw/UtilitiesMaster.py", line 170, in resampling
    wp_new = np.copy(wp)
  File "<__array_function__ internals>", line 6, in copy
  File "/cluster/work/emilamy/dataci/lib/python3.6/site-packages/numpy/lib/function_base.py", line 792, in copy
    return array(a, order=order, subok=subok, copy=True)
numpy.core._exceptions.MemoryError: Unable to allocate 91.6 MiB for an array with shape (100, 120000) and data type float64
