Lmod has detected the following error: Unable to find: "load".



Lmod has detected the following error: Unable to find: "load".



/cluster/work/emilamy/MasterThesisRaw/UtilitiesMaster.py:238: RuntimeWarning: overflow encountered in exp
  return np.exp(old - min(old,new)),np.exp(new - min(old,new))
/cluster/work/emilamy/dataci/lib/python3.6/site-packages/scipy/stats/_continuous_distns.py:2821: RuntimeWarning: overflow encountered in exp
  return np.exp(self._logpdf(x, a))
/cluster/work/emilamy/MasterThesisRaw/UtilitiesMaster.py:233: RuntimeWarning: invalid value encountered in double_scalars
  gamma.pdf(theta_next[i],a=shapes[i],scale=theta_prior[i]/shapes[i])
/cluster/work/emilamy/MasterThesisRaw/UtilitiesMaster.py:233: RuntimeWarning: divide by zero encountered in double_scalars
  gamma.pdf(theta_next[i],a=shapes[i],scale=theta_prior[i]/shapes[i])
[-8.713450750822034]
[-8.713450750822034, -8.634116118293937]
[-8.713450750822034, -8.634116118293937, -8.636987535402529]
[-8.713450750822034, -8.634116118293937, -8.636987535402529, -8.673640475202433]
[-8.622329101148745]
[-8.622329101148745, -8.670741327373452]
[-8.622329101148745, -8.670741327373452, -8.592763486845524]
[-8.622329101148745, -8.670741327373452, -8.592763486845524, -8.558586873303511]
[-8.610849802137462]
[-8.610849802137462, -8.575381539061306]
[-8.610849802137462, -8.575381539061306, -8.615048898372393]
[-8.610849802137462, -8.575381539061306, -8.615048898372393, -8.579338973485942]
[-8.249410628245297]
[-8.249410628245297, -8.319600604257719]
[-8.249410628245297, -8.319600604257719, -8.322634194873698]
[-8.249410628245297, -8.319600604257719, -8.322634194873698, -8.315631454227049]
[-8.276976422459748]
[-8.276976422459748, -8.305568178282577]
[-8.276976422459748, -8.305568178282577, -8.25120836493282]
[-8.276976422459748, -8.305568178282577, -8.25120836493282, -8.343855947279167]
[-8.462435124119406]
[-8.462435124119406, -8.42999928179151]
[-8.462435124119406, -8.42999928179151, -8.485063990644992]
[-8.462435124119406, -8.42999928179151, -8.485063990644992, -9.770072382493634]
[-8.384542013477944]
[-8.384542013477944, -8.39362094582143]
[-8.384542013477944, -8.39362094582143, -8.370631400359297]
[-8.384542013477944, -8.39362094582143, -8.370631400359297, -8.396545583259035]
[-8.45208772100155]
[-8.45208772100155, -8.510146366524342]
[-8.45208772100155, -8.510146366524342, -8.456729643693397]
[-8.45208772100155, -8.510146366524342, -8.456729643693397, -8.437687276943045]
[-8.476035831376215]
[-8.476035831376215, -8.414347694701375]
[-8.476035831376215, -8.414347694701375, -8.44906058778604]
[-8.476035831376215, -8.414347694701375, -8.44906058778604, -8.483838651411867]
[-8.557890410955896]
[-8.557890410955896, -8.47120446347959]
[-8.557890410955896, -8.47120446347959, -9.218545036077264]
[-8.557890410955896, -8.47120446347959, -9.218545036077264, -8.527360419818995]
[-8.611365534507696]
[-8.611365534507696, -8.542920222351512]
[-8.611365534507696, -8.542920222351512, -8.551839040438441]
[-8.611365534507696, -8.542920222351512, -8.551839040438441, -8.610064086178424]
[-8.79049925060922]
[-8.79049925060922, -8.740215189595446]
[-8.79049925060922, -8.740215189595446, -8.788849257620493]
[-8.79049925060922, -8.740215189595446, -8.788849257620493, -8.741275912097196]
