Lmod has detected the following error: Unable to find: "load".



Lmod has detected the following error: Unable to find: "load".



/cluster/work/emilamy/MasterThesisRaw/UtilitiesMaster.py:258: RuntimeWarning: overflow encountered in exp
  return np.exp(old - min(old,new)),np.exp(new - min(old,new))
0.055422043307932635
0.02442783889568466
0.0339904687428489
0.015290259490095492
new_shapes:  [4.94179352]
0.030839905216561252
0.013789557348580783
new_shapes:  [5.00178959]
0.027765229835500407
0.01128419798639895
new_shapes:  [6.05426116]
0.025150319973904375
0.009491944330946512
new_shapes:  [7.02063936]
0.022716074026756537
0.009764932894378455
new_shapes:  [5.41162911]
0.01847059247070857
0.00663767398958472
new_shapes:  [7.74336652]
0.013791865314045566
0.004506129846932327
new_shapes:  [9.36782158]
0.013018007001968467
0.003347349312028417
new_shapes:  [15.12470563]
0.01058254886831249
0.0030431827803522327
new_shapes:  [12.09273371]
0.008604582605814835
0.002354751505843231
new_shapes:  [13.35271102]
0.007888858723387257
0.001985562545396599
new_shapes:  [15.78560435]
0.007058857825984196
0.0015637813962946904
new_shapes:  [20.37589928]
0.051499641226868176
0.019016597424546124
0.021932880788225518
0.008451675442432848
new_shapes:  [6.73450584]
0.02296611795869977
0.00821472476884419
new_shapes:  [7.81608274]
0.01650950217215828
0.005929702434519998
new_shapes:  [7.75179279]
0.015618031688657599
0.0049573649778948455
new_shapes:  [9.92546382]
0.012054247433908472
0.003765577775017425
new_shapes:  [10.24747717]
0.010538340688842048
0.0032526988646305105
new_shapes:  [10.4967959]
0.008743646185092858
0.00287619849017831
new_shapes:  [9.24160587]
0.007111396751818102
0.0023494901574050726
new_shapes:  [9.16141503]
0.006868809365602765
0.0018638716036008768
new_shapes:  [13.58097479]
0.005866140393383202
0.0015795587261210275
new_shapes:  [13.79219381]
0.006955784915004362
0.0016557544550062449
new_shapes:  [17.6482003]
0.0068895141765165134
0.0015816363837551283
new_shapes:  [18.97421872]
0.07656426185441229
0.03481785731975592
0.056461582661291206
0.027240128085093535
new_shapes:  [4.29623278]
0.050623084713087435
0.024345435249989864
new_shapes:  [4.32376542]
0.027071230028521156
0.011133163751976618
new_shapes:  [5.91260389]
0.01731578884296721
0.0065326976268776675
new_shapes:  [7.0258593]
0.011391988489316288
0.004822357822322913
new_shapes:  [5.58059121]
0.01119847626155526
0.004432317169834538
new_shapes:  [6.38346096]
0.00986111924494392
0.0037547296507883677
new_shapes:  [6.89755348]
0.00962668324504909
0.0039696597614614524
new_shapes:  [5.88094062]
0.010349960651311428
0.003491313767354807
new_shapes:  [8.788194]
0.008759332838453817
0.0030130549219386845
new_shapes:  [8.45138647]
0.009143593551790164
0.002797554515555436
new_shapes:  [10.68259365]
0.008634969747369652
0.0025841395647240133
new_shapes:  [11.16579654]
0.07871916631147706
0.03522800096945288
0.07382262128583941
0.029585128854552636
new_shapes:  [6.22632798]
0.046773335105212
0.018377403200902115
new_shapes:  [6.47781272]
0.03980977148632525
0.01662232978346766
new_shapes:  [5.73582088]
0.03592107104185173
0.014461063643364285
new_shapes:  [6.1701835]
0.030493069947766974
0.013010651368065762
new_shapes:  [5.49293197]
0.026617923215141972
0.011233426771481887
new_shapes:  [5.61466461]
0.025776072628520545
0.00942481488250734
new_shapes:  [7.47976298]
0.017947270473198985
0.007301254471895352
new_shapes:  [6.04229389]
0.013784790244071298
0.004320988264752326
new_shapes:  [10.17733688]
0.009074687325110626
0.0029385142212849744
new_shapes:  [9.53691136]
0.00797253006834129
0.002556761117383729
new_shapes:  [9.72326284]
0.008130319716252322
0.00221602837859658
new_shapes:  [13.46060601]
0.05877686920311008
0.026667097170015353
0.03553244870883453
0.014610332228460018
new_shapes:  [5.91466419]
0.03310182206709168
0.01285788574211783
new_shapes:  [6.62772798]
0.035074096270486875
0.012182831649754573
new_shapes:  [8.28851053]
0.020064404450319446
0.007745285662372906
new_shapes:  [6.71085209]
0.014327493760522904
0.005579744661262527
new_shapes:  [6.59343616]
0.011483578089612262
0.0044998091966359415
new_shapes:  [6.51277775]
0.011144101689614315
0.004396074779821661
new_shapes:  [6.42628511]
0.010017689589256092
0.004506208573121754
new_shapes:  [4.94211176]
0.00954373513607646
0.0041561648831939186
new_shapes:  [5.27292044]
0.00961890482665251
0.0038823695381458327
new_shapes:  [6.13843291]
0.009860962813517848
0.003970681296423536
new_shapes:  [6.16749181]
0.00913898039260026
0.0034754448076394417
new_shapes:  [6.9147216]
