Lmod has detected the following error: Unable to find: "load".



Lmod has detected the following error: Unable to find: "load".



0.10886585564660739
0.04609601511364454
0.06465577751966417
0.022936383361302867
new_shapes:  [7.94629712]
0.03091793918381336
0.011761451442951702
new_shapes:  [6.91033716]
0.026213225896098858
0.008444214783390977
new_shapes:  [9.63656816]
0.018192459028257075
0.006236469913314335
new_shapes:  [8.50952166]
0.016269356396139124
0.005673586765730316
new_shapes:  [8.22290635]
0.01579435674312657
0.004923299315321938
new_shapes:  [10.29180162]
0.015434245051890321
0.005416014922867322
new_shapes:  [8.12102931]
0.015497814676456159
0.004849464427311245
new_shapes:  [10.21300091]
0.014115587138911128
0.004978050541914415
new_shapes:  [8.0404303]
0.0117952580997168
0.003986371717119542
new_shapes:  [8.75506371]
0.013395804362954665
0.0035993162413860244
new_shapes:  [13.85152469]
0.010697112480903593
0.0027558447007322543
new_shapes:  [15.06689093]
0.043384393883559344
0.01602176910907834
0.01584871122087853
0.00603640689185086
new_shapes:  [6.89335892]
0.015016562539562977
0.005370499241476722
new_shapes:  [7.81828935]
0.012823881544795898
0.0044878867873212325
new_shapes:  [8.16498159]
0.00957576135675909
0.0033105294404987785
new_shapes:  [8.36665227]
0.006887878157349085
0.0024722925840612573
new_shapes:  [7.76195606]
0.006282077753983693
0.002087755465598575
new_shapes:  [9.05414314]
0.006284447575973129
0.0019742531574076347
new_shapes:  [10.13277812]
0.00637079036490583
0.001780121593416076
new_shapes:  [12.80817617]
0.00519376504774996
0.0014072377690586269
new_shapes:  [13.62164737]
0.004208632354783639
0.0013184341704003102
new_shapes:  [10.18978636]
0.004286681572021054
0.0012657789912836792
new_shapes:  [11.46902981]
0.005031876452777778
0.0011031684414357433
new_shapes:  [20.80541007]
0.06738923751542363
0.03332592554788456
0.06888324575707433
0.03388368152634458
new_shapes:  [4.13281555]
0.04777967052262258
0.02127693617488324
new_shapes:  [5.04275791]
0.02966050199797863
0.012766996236525453
new_shapes:  [5.39733698]
0.02019801456948918
0.008879565080354488
new_shapes:  [5.17408993]
0.015741534683814673
0.006154057671588138
new_shapes:  [6.54291107]
0.013305510442895236
0.00500308402798967
new_shapes:  [7.07273663]
0.014590859249701982
0.0038021184863409247
new_shapes:  [14.72686964]
0.008334913109348101
0.0028166755819630037
new_shapes:  [8.75645854]
0.006884906965158164
0.002037615280430527
new_shapes:  [11.41699404]
0.006112811807344896
0.0016684154661185107
new_shapes:  [13.42374325]
0.005715421744021862
0.0015133119060965672
new_shapes:  [14.26394539]
0.0062960835858402635
0.0013846372234290678
new_shapes:  [20.67611622]
0.059789378350515086
0.026214750213365914
0.033079340860505346
0.014457668310184366
new_shapes:  [5.23500596]
0.03030367078757866
0.011861851299997265
new_shapes:  [6.52657792]
0.01783237468638775
0.008522071626246805
new_shapes:  [4.37852669]
0.01938479992064071
0.008575311259923843
new_shapes:  [5.11002306]
0.016171922061605195
0.006509263921433601
new_shapes:  [6.17247754]
0.01435591586234042
0.005772466649909802
new_shapes:  [6.18498917]
0.013221502130790052
0.0053676628239208955
new_shapes:  [6.06723957]
0.011520867057910718
0.0042733519108042305
new_shapes:  [7.26830283]
0.010481283353477009
0.0039261362109199414
new_shapes:  [7.12685952]
0.010447444525819511
0.003612936642558314
new_shapes:  [8.36179385]
0.0096565255467697
0.003371703886945176
new_shapes:  [8.20243758]
0.007938072395940025
0.002865794320927683
new_shapes:  [7.67255615]
0.06615273291308901
0.034294727675698466
0.04748400203914522
0.019125808986889765
new_shapes:  [6.16389173]
0.027559582785117418
0.009885290386293023
new_shapes:  [7.77260172]
0.018602178908877647
0.008201860263221195
new_shapes:  [5.14402301]
0.017692482156169285
0.007232517688866817
new_shapes:  [5.98409561]
0.019803111218243463
0.008393873900922631
new_shapes:  [5.56598423]
0.017646926726713426
0.006285588614732903
new_shapes:  [7.88217836]
0.013763302224106549
0.004931725846661192
new_shapes:  [7.78838552]
0.010552869602988771
0.0038575361542339042
new_shapes:  [7.48378209]
0.00971096303003164
0.003191157214601108
new_shapes:  [9.26036704]
0.008416932024473876
0.002832814060354069
new_shapes:  [8.82818653]
0.008889183797554108
0.002405501919951471
new_shapes:  [13.65564934]
0.0070762962263023164
0.0018185606862886753
new_shapes:  [15.14106463]
