Lmod has detected the following error: Unable to find: "load".



Lmod has detected the following error: Unable to find: "load".



/cluster/work/emilamy/MasterThesisRaw/UtilitiesMaster.py:258: RuntimeWarning: overflow encountered in exp
  
0.04087583311299113
0.01646158975589686
0.024126594965978333
0.011126299453221442
new_shapes:  [4.70208611]
0.02196290656904086
0.008339048419088562
new_shapes:  [6.93659977]
0.020663001180726333
0.008486835078106967
new_shapes:  [5.92782366]
0.01655922604070701
0.006935688776881431
new_shapes:  [5.70034151]
0.01632183801652589
0.007588526198543231
new_shapes:  [4.62618772]
0.015687551676772372
0.006495793546407417
new_shapes:  [5.83238134]
0.01383517753236795
0.006267781124125858
new_shapes:  [4.87238759]
0.014124562839394826
0.0062226426106168934
new_shapes:  [5.15229016]
0.013556651413454003
0.005623974336105385
new_shapes:  [5.81056278]
0.013016461296562181
0.0052980300887806265
new_shapes:  [6.03610828]
0.01294983447849131
0.00544509811830772
new_shapes:  [5.65609916]
0.012093308876501865
0.004974375448594365
new_shapes:  [5.91034957]
0.04138865932927244
0.016719641451250215
0.03006089470196441
0.0141373408162318
new_shapes:  [4.52135231]
0.03128433659193131
0.011431735046692723
new_shapes:  [7.48909948]
0.022395383477109298
0.0076842479137386585
new_shapes:  [8.49403939]
0.021661106590723397
0.0056044380905920475
new_shapes:  [14.93816069]
0.01623848142840938
0.003823136335616741
new_shapes:  [18.04061153]
0.015499974398242139
0.0038402058936176423
new_shapes:  [16.291195]
0.01516795984858659
0.0032200757634109453
new_shapes:  [22.18820453]
0.013108287670203384
0.0027197794541914035
new_shapes:  [23.22868101]
0.011044677750106056
0.0027884735382919658
new_shapes:  [15.68819732]
0.009914078710736882
0.002325970735769084
new_shapes:  [18.16754449]
0.008752645314979823
0.001748399371515846
new_shapes:  [25.06094113]
0.007813267192148338
0.0016637277121192588
new_shapes:  [22.0546846]
0.05997528473557952
0.023921536477193677
0.0379654614691077
0.014113233825305133
new_shapes:  [7.23642878]
0.022891003425012997
0.0078696557826041
new_shapes:  [8.46093166]
0.015038595001911438
0.005822148370242157
new_shapes:  [6.67187637]
0.01776427062769373
0.004443334205195651
new_shapes:  [15.98368094]
0.010642434758073062
0.003990314511183614
new_shapes:  [7.11324452]
0.00901609664943393
0.003341101943047814
new_shapes:  [7.28211718]
0.007551358281313793
0.002834532488312069
new_shapes:  [7.09720377]
0.006690297622509674
0.002256812831570676
new_shapes:  [8.78819715]
0.006058521671913556
0.002116446425679406
new_shapes:  [8.19443043]
0.006496056461808746
0.0018773582858249017
new_shapes:  [11.97306264]
0.0057851773860737605
0.0016465603239850907
new_shapes:  [12.34462971]
0.00557245282545401
0.0015791408761417806
new_shapes:  [12.4523423]
0.07088530580762224
0.03365444226451238
0.06893750668697164
0.03315140395074876
new_shapes:  [4.32421514]
0.04786111264198839
0.019857168461204566
new_shapes:  [5.80939546]
0.04357158323945208
0.016826448934718317
new_shapes:  [6.70535442]
0.0328061913414172
0.012819627491903289
new_shapes:  [6.54878625]
0.025791905206759686
0.00919939242463805
new_shapes:  [7.86047078]
0.022730352539448873
0.0076721072011547466
new_shapes:  [8.77774617]
0.013737684520955182
0.0045930098573930805
new_shapes:  [8.94607063]
0.013429525256069668
0.004171499687109424
new_shapes:  [10.36422637]
0.009401295685990947
0.0032364605732786763
new_shapes:  [8.43790794]
0.007278022937442428
0.0022963603390226423
new_shapes:  [10.04492654]
0.005751801555343712
0.002042344603044585
new_shapes:  [7.931398]
0.006014356342826949
0.002015269564441128
new_shapes:  [8.90660146]
0.07874034388111958
0.037873476322111924
0.03472798794958311
0.015013763959724495
new_shapes:  [5.35032393]
0.031795087163614566
0.013600241639728802
new_shapes:  [5.46546088]
0.028743212533630866
0.014145581506233858
new_shapes:  [4.12884901]
0.019053898681231047
0.007161620997276487
new_shapes:  [7.07856192]
0.014650742157097574
0.0060426105713829665
new_shapes:  [5.87854758]
0.012149563836459211
0.005299694485098265
new_shapes:  [5.25556856]
0.008969205378204587
0.004092273737006348
new_shapes:  [4.80372995]
0.007749609930784628
0.003312501932781358
new_shapes:  [5.47327672]
0.006261824021248638
0.002739832638056371
new_shapes:  [5.22340436]
0.00628325945313859
0.0027215970358140853
new_shapes:  [5.32994024]
0.006223255358672321
0.002549880447246047
new_shapes:  [5.95656117]
0.0056260532235159685
0.002391325627164823
new_shapes:  [5.53516073]
