Lmod has detected the following error: Unable to find: "load".



Lmod has detected the following error: Unable to find: "load".



/cluster/work/emilamy/MasterThesisRaw/UtilitiesMaster.py:258: RuntimeWarning: overflow encountered in exp
  return np.exp(old - min(old,new)),np.exp(new - min(old,new))
0.040801536783490716
0.02063837890516557
0.03388625518285919
0.014363205690201216
new_shapes:  [5.56601528]
0.02082523518595733
0.00939294074635525
new_shapes:  [4.91560146]
0.021327932306193412
0.0065676038830865075
new_shapes:  [10.54589894]
0.014013138039986271
0.004961468123191056
new_shapes:  [7.97719833]
0.011095274687076223
0.003988259998626983
new_shapes:  [7.73943384]
0.011825739242569036
0.00369100076703048
new_shapes:  [10.26522153]
0.010285804518888038
0.003434869792834844
new_shapes:  [8.96718181]
0.009668725518045311
0.0033012273722949482
new_shapes:  [8.57803054]
0.010310452473665722
0.0033646564247930225
new_shapes:  [9.39018183]
0.007844632650159758
0.0023948877645186477
new_shapes:  [10.72938655]
0.007781448825995588
0.0019107101039627882
new_shapes:  [16.58560549]
0.007029081326221814
0.0015878504664485545
new_shapes:  [19.59647394]
0.06502047708110628
0.03421928401730321
0.062058726468416196
0.025694545979063614
new_shapes:  [5.83342773]
0.029334464076482436
0.011644314016164555
new_shapes:  [6.34641546]
0.016386596816358175
0.006230785446736563
new_shapes:  [6.91658857]
0.011070867629170178
0.004199826783386199
new_shapes:  [6.94865194]
0.008815028822604846
0.003884146610970261
new_shapes:  [5.15058127]
0.008881614054996037
0.0032146526832602966
new_shapes:  [7.63335884]
0.007777122263764989
0.0032812350718431794
new_shapes:  [5.61775976]
0.008042485982312391
0.003240242507375086
new_shapes:  [6.16063665]
0.007678238069970421
0.0028329633801162297
new_shapes:  [7.34583596]
0.007606535744739854
0.0027986474135017
new_shapes:  [7.38715898]
0.007062399747500114
0.0026279499186562627
new_shapes:  [7.22221517]
0.006386265033526886
0.0024176928485312756
new_shapes:  [6.97736792]
0.06133494537276654
0.031118483095663483
0.03802002883909774
0.017812803076604326
new_shapes:  [4.55575489]
0.03570299713060065
0.014364560719568617
new_shapes:  [6.17766923]
0.02549482906072716
0.00882144489917178
new_shapes:  [8.35265911]
0.010936458775556407
0.00398762974679939
new_shapes:  [7.52183472]
0.01086670813432586
0.003766408646244234
new_shapes:  [8.3241736]
0.009813505214478956
0.0033736512877772813
new_shapes:  [8.46151121]
0.009322168419705974
0.00294521029878727
new_shapes:  [10.01846693]
0.00855269510123161
0.0026458713521596627
new_shapes:  [10.44885089]
0.006204232713368958
0.0021954266164370007
new_shapes:  [7.98616554]
0.004981990852345119
0.0018525442330709408
new_shapes:  [7.23217088]
0.006104836907490376
0.0019263544610205597
new_shapes:  [10.0432836]
0.0056500312827860635
0.001632215993318679
new_shapes:  [11.98247266]
0.04423236278870107
0.015522866001061479
0.01600077520372942
0.006572671541255505
new_shapes:  [5.92649863]
0.0163363002444418
0.005454970093166524
new_shapes:  [8.96855892]
0.00813984033181679
0.0032460733321684923
new_shapes:  [6.28803743]
0.007033183416936546
0.0026554519000823503
new_shapes:  [7.01498923]
0.005943907612157064
0.0021178137559079687
new_shapes:  [7.87714013]
0.005405724256767529
0.0018657422244147059
new_shapes:  [8.39468679]
0.004578755125260619
0.001600682245860394
new_shapes:  [8.18247298]
0.0049024614529539655
0.001498359344072033
new_shapes:  [10.70524015]
0.004596078651887767
0.0014390248467752288
new_shapes:  [10.20089597]
0.004269310506430834
0.001369499418546888
new_shapes:  [9.71833308]
0.004427120205551921
0.0012342410714479874
new_shapes:  [12.86597312]
0.00384229204726247
0.0011799564068973511
new_shapes:  [10.60348969]
0.07306976002019971
0.036862784787764766
0.06339447306065242
0.030993532664217095
new_shapes:  [4.18370093]
0.05787302997434959
0.024329836496820925
new_shapes:  [5.65814484]
0.04416149324717631
0.018959889539215683
new_shapes:  [5.42520176]
0.0303292420685938
0.011766026961950244
new_shapes:  [6.6445173]
0.01841465930295037
0.007415881321635467
new_shapes:  [6.16597606]
0.01555265894532065
0.005787898933903325
new_shapes:  [7.22050244]
0.01279547369850793
0.004987028927981485
new_shapes:  [6.58307741]
0.01035363837373636
0.003875638499541493
new_shapes:  [7.1367332]
0.009527700065952839
0.003436236087285663
new_shapes:  [7.68794318]
0.008323978907534769
0.0028442314653743805
new_shapes:  [8.56509272]
0.007488420340380848
0.0027138819503822595
new_shapes:  [7.61374844]
0.0065321496056599294
0.00213355882851609
new_shapes:  [9.37352628]
