Lmod has detected the following error: Unable to find: "load".



Lmod has detected the following error: Unable to find: "load".



/cluster/work/emilamy/MasterThesisRaw/UtilitiesMaster.py:258: RuntimeWarning: overflow encountered in exp
  
0.04180459068028045
0.01824199578224728
0.016269210999078625
0.005260344637836797
new_shapes:  [9.56543195]
0.01132610659232569
0.0031691313850918524
new_shapes:  [12.77264378]
0.00850474509545117
0.0024397335913366835
new_shapes:  [12.15172105]
0.007308693691558036
0.001791887997387609
new_shapes:  [16.63634051]
0.006258315908146439
0.0017749587820110452
new_shapes:  [12.43192607]
0.0064070031321443585
0.0015561949351635507
new_shapes:  [16.95047518]
0.0063431936838947035
0.0014982167127958299
new_shapes:  [17.92530979]
0.006351788291672525
0.0012416215468279992
new_shapes:  [26.17059204]
0.005732391976946869
0.0009316651693354293
new_shapes:  [37.85750949]
0.005594258744062291
0.0008148042957105441
new_shapes:  [47.13879524]
0.00539583937668081
0.0006395469077632254
new_shapes:  [71.18249714]
0.00504743820182057
0.0005757221095874642
new_shapes:  [76.86280061]
0.041403521266144716
0.01635453460148616
0.015317099839867895
0.00625408903634957
new_shapes:  [5.99825558]
0.009726491085177622
0.004142281443045725
new_shapes:  [5.51357364]
0.007456965268896718
0.0027906174380384445
new_shapes:  [7.14041795]
0.006907750358681509
0.0018990108052773854
new_shapes:  [13.23178381]
0.005756570661824532
0.0015190536497043192
new_shapes:  [14.36089329]
0.006045519243731685
0.0013324062139487543
new_shapes:  [20.58704041]
0.00550934071243023
0.0011080171665856535
new_shapes:  [24.72329121]
0.005410507567116057
0.0009339031965912199
new_shapes:  [33.56389036]
0.005617322330221284
0.000868398507792688
new_shapes:  [41.84278213]
0.0049581882889128725
0.000727529025400385
new_shapes:  [46.44568595]
0.005237775691911625
0.0005795133991049947
new_shapes:  [81.68961098]
0.004636782419837411
0.0005765391331764635
new_shapes:  [64.68086999]
0.056975831471556874
0.025578485221959855
0.02166491970315982
0.0075898008554942005
new_shapes:  [8.14804476]
0.015906284649783373
0.004943262576167024
new_shapes:  [10.3540472]
0.014132451423975496
0.003282538415263108
new_shapes:  [18.53597215]
0.0114951487359589
0.002167743078608987
new_shapes:  [28.11988715]
0.008219878223614325
0.0015216401143593958
new_shapes:  [29.18145011]
0.006285561681202737
0.0011868176464523814
new_shapes:  [28.04918164]
0.005665808603284707
0.0010458696024245391
new_shapes:  [29.34733825]
0.004707884767387877
0.0007780840891974028
new_shapes:  [36.60990309]
0.00431661027153132
0.0006492932467440986
new_shapes:  [44.19813132]
0.004434446077120521
0.0005101134290911867
new_shapes:  [75.56927278]
0.004677491101772501
0.000443328963793016
new_shapes:  [111.32013605]
0.004914827796006215
0.00035875111938871553
new_shapes:  [187.6852235]
0.070293074588651
0.034042805151763535
0.05464561756295331
0.019428614278383795
new_shapes:  [7.91092058]
0.05267777728793253
0.019533113294041442
new_shapes:  [7.2729725]
0.02720980872583465
0.010190855469370276
new_shapes:  [7.1290177]
0.018591898461531024
0.005669288414725709
new_shapes:  [10.75450373]
0.014178955323683505
0.003329071908860114
new_shapes:  [18.14020188]
0.010700013442801238
0.002554594343755332
new_shapes:  [17.54384389]
0.008106693872509806
0.002090615463266122
new_shapes:  [15.03623934]
0.006598142134779854
0.0015984772469374554
new_shapes:  [17.03846301]
0.005571322669776312
0.00123725849262974
new_shapes:  [20.27662815]
0.0048946770090651254
0.0011248803465760803
new_shapes:  [18.93369686]
0.005229017594617356
0.0008749132276054906
new_shapes:  [35.71990056]
0.005331491184444339
0.0007498402424472597
new_shapes:  [50.55450961]
0.07352526058652846
0.034378393001593024
0.03906778901019699
0.01692215503841607
new_shapes:  [5.32998919]
0.023432290051668983
0.009282132791884116
new_shapes:  [6.3728532]
0.021166090704312777
0.008926119354720813
new_shapes:  [5.6228426]
0.015472974609259444
0.005702058050433912
new_shapes:  [7.36350112]
0.009216580344867973
0.003139812189996097
new_shapes:  [8.61652762]
0.008366812844117305
0.00302531218938918
new_shapes:  [7.64856064]
0.00727865643275701
0.0023565298248104127
new_shapes:  [9.54017979]
0.00850197617932565
0.001730666341985251
new_shapes:  [24.13309778]
0.006767107433532094
0.0012688377465399732
new_shapes:  [28.44421566]
0.007187212352755321
0.0009711259077153596
new_shapes:  [54.77342175]
0.007192673085612832
0.0007229826807380757
new_shapes:  [98.97485079]
0.006012388807647141
0.0005909004378073108
new_shapes:  [103.52982784]
