Lmod has detected the following error: Unable to find: "load".



Lmod has detected the following error: Unable to find: "load".



/cluster/work/emilamy/MasterThesisRaw/UtilitiesMaster.py:258: RuntimeWarning: overflow encountered in exp
  
0.10876015154387318
0.05095728251687709
0.061195988027841194
0.027719599464438513
new_shapes:  [4.87384822]
0.030285185780589703
0.011197994214757803
new_shapes:  [7.31442189]
0.019657922461644172
0.008165353533369403
new_shapes:  [5.79595826]
0.0197253504296382
0.004439427414179669
new_shapes:  [19.74219947]
0.01021642557533633
0.002501295213897765
new_shapes:  [16.68276557]
0.007762087682254824
0.0016394865161116058
new_shapes:  [22.41513662]
0.005614984570218701
0.0015205890055591175
new_shapes:  [13.63557455]
0.00622418700652097
0.0012716950444351968
new_shapes:  [23.95517277]
0.005907562767363207
0.0011021946724270371
new_shapes:  [28.72764824]
0.005938836612564215
0.0010362640414362404
new_shapes:  [32.84444275]
0.005520322514735138
0.0008687771571318862
new_shapes:  [40.374961]
0.005820150305031144
0.0007913341773260363
new_shapes:  [54.09393249]
0.04413006094117816
0.017251960685454645
0.020662191106443285
0.00799350123292177
new_shapes:  [6.68157204]
0.014131103295694017
0.005601727612324403
new_shapes:  [6.36367758]
0.011905261767908059
0.004169749685809188
new_shapes:  [8.15188283]
0.009654536561845416
0.0032396371359406264
new_shapes:  [8.88116883]
0.007692872904890959
0.0030324647443337885
new_shapes:  [6.43554889]
0.008767438731997255
0.0024846383601194377
new_shapes:  [12.45142644]
0.006617633777316761
0.001831509357354319
new_shapes:  [13.05530959]
0.005510351326971436
0.00136623647448355
new_shapes:  [16.26697606]
0.005360982812010947
0.0012078361933851997
new_shapes:  [19.70029598]
0.005369570748430347
0.0009855220636776378
new_shapes:  [29.68564124]
0.00530804719616455
0.0009137181447519938
new_shapes:  [33.74776784]
0.005582635125937599
0.0006536722986474957
new_shapes:  [72.93875165]
0.06587252012001159
0.033570912737015665
0.026801288094985633
0.010439734429815292
new_shapes:  [6.59071348]
0.015536197831445228
0.005505417566859815
new_shapes:  [7.96359118]
0.012286841880125741
0.003210567630732205
new_shapes:  [14.64592794]
0.011135376388286398
0.0021252823387555415
new_shapes:  [27.45216093]
0.00637359813804495
0.0016640908286757723
new_shapes:  [14.66949963]
0.006861434205999866
0.0011902489872304331
new_shapes:  [33.23182294]
0.006806720691894401
0.0009234992187842563
new_shapes:  [54.32538281]
0.005581705631073035
0.0007963272815053913
new_shapes:  [49.1304417]
0.005393300175252409
0.0006609983190524748
new_shapes:  [66.57458608]
0.004975657152884528
0.0005258822368344772
new_shapes:  [89.52078717]
0.0053580016962931215
0.0004264797508855239
new_shapes:  [157.83701604]
0.005394874629836398
0.0003410587226299794
new_shapes:  [250.20984337]
0.061308836256915716
0.029204232325594815
0.03011496822284244
0.014706908423434592
new_shapes:  [4.19297277]
0.01841324983355827
0.007753501796738613
new_shapes:  [5.63981824]
0.01606227371062785
0.005899282313923237
new_shapes:  [7.41337014]
0.01188289305483792
0.0045794213220142
new_shapes:  [6.73322571]
0.009481236831078321
0.003974156708387963
new_shapes:  [5.69167395]
0.008413274599992068
0.0033743260011739355
new_shapes:  [6.21664476]
0.006466135740825575
0.002801877796119078
new_shapes:  [5.32587851]
0.006516638731344047
0.00265003357306082
new_shapes:  [6.04706363]
0.005363972754800311
0.0021153905612523137
new_shapes:  [6.42971913]
0.004837259659379423
0.0020953221233915038
new_shapes:  [5.32963177]
0.004928963479711667
0.002036947689052044
new_shapes:  [5.85533097]
0.005133354035568358
0.0016994314905593208
new_shapes:  [9.12420664]
0.07040262542599295
0.03061849458432805
0.042078621727448896
0.012666603770779586
new_shapes:  [11.03577002]
0.01416412427081181
0.003780939928541935
new_shapes:  [14.03394927]
0.008679652244594858
0.002489637356837596
new_shapes:  [12.15437039]
0.006869286587591117
0.0017065567283748547
new_shapes:  [16.20249187]
0.0057441000818851265
0.0012839730103395867
new_shapes:  [20.01392218]
0.004696514727487826
0.0009490585194525315
new_shapes:  [24.48868094]
0.003967866342357848
0.0008226970037694485
new_shapes:  [23.26131368]
0.004103709038191101
0.0006735141764411407
new_shapes:  [37.1244167]
0.004199091471978007
0.0005776770514605502
new_shapes:  [52.83727847]
0.004305873880694985
0.00043691229710865026
new_shapes:  [97.12568029]
0.005016439759766421
0.0003660070384810565
new_shapes:  [187.85048835]
0.005314997399696546
0.00030347589587230857
new_shapes:  [306.73102682]
