Lmod has detected the following error: Unable to find: "load".



Lmod has detected the following error: Unable to find: "load".



/cluster/work/emilamy/MasterThesisRaw/UtilitiesMaster.py:258: RuntimeWarning: overflow encountered in exp
  return np.exp(old - min(old,new)),np.exp(new - min(old,new))
0.05189033588226599
0.022896205887784054
0.029314470491486617
0.01318127442688503
new_shapes:  [4.94594524]
0.022633330036795067
0.00988705983702241
new_shapes:  [5.24037767]
0.019704129692413447
0.009190046127215407
new_shapes:  [4.59704899]
0.020295822388137794
0.008937431403582604
new_shapes:  [5.15688996]
0.02104131437193774
0.009298902064056407
new_shapes:  [5.12014644]
0.017503340125689645
0.007863345934391874
new_shapes:  [4.95481108]
0.017569189467451136
0.007694254553006777
new_shapes:  [5.2139919]
0.01751767711120835
0.006055691166052151
new_shapes:  [8.36807564]
0.012615502170041403
0.003807161096411552
new_shapes:  [10.98010713]
0.006342504378687184
0.002092280291783193
new_shapes:  [9.18928716]
0.004530707316251451
0.0016233813115016555
new_shapes:  [7.78916549]
0.004362226566010811
0.0013928574733024007
new_shapes:  [9.8085109]
0.051785000414494235
0.01818167476197319
0.025064090685789225
0.005925801907169106
new_shapes:  [17.88997145]
0.014014993557309683
0.0031281158513710447
new_shapes:  [20.0733634]
0.011673076449419804
0.002565859387883109
new_shapes:  [20.69688345]
0.009328604887161855
0.002095204801904698
new_shapes:  [19.82350462]
0.008092259520151026
0.001488578623795822
new_shapes:  [29.55262399]
0.006154800085544967
0.0010597087865858268
new_shapes:  [33.73298954]
0.006775256320776759
0.0008513868562994025
new_shapes:  [63.32826321]
0.005624251736711177
0.0006142198661691194
new_shapes:  [83.84589099]
0.005661172965357323
0.0005404122054589886
new_shapes:  [109.739392]
0.005626052789691665
0.0004421873622471089
new_shapes:  [161.8806551]
0.005246627716707972
0.0003322364781056458
new_shapes:  [249.38243991]
0.00510793933780174
0.00026221364646876537
new_shapes:  [379.47300086]
0.0685110905020733
0.03205540463510986
0.0458571356003618
0.018855328395608866
new_shapes:  [5.91487602]
0.040015656473283825
0.016287691014781565
new_shapes:  [6.03588349]
0.037885804640192866
0.012935226790783997
new_shapes:  [8.57837319]
0.01870861415989077
0.007173712710113885
new_shapes:  [6.80135238]
0.0167611448862848
0.005538143713904522
new_shapes:  [9.15965081]
0.009537767690409066
0.003568970229556793
new_shapes:  [7.14179911]
0.00817785394559844
0.0034048745954130084
new_shapes:  [5.76868012]
0.007617542144945819
0.0029477729476681735
new_shapes:  [6.6779271]
0.007133525118332829
0.002733376328471958
new_shapes:  [6.81097885]
0.007582194191363909
0.002137810025701462
new_shapes:  [12.57915844]
0.006578197146422524
0.0020434640068766573
new_shapes:  [10.36286367]
0.007709434059542076
0.0017843383943509578
new_shapes:  [18.66768893]
0.07793740776414516
0.035475077162429355
0.056937831993726956
0.021424975644461896
new_shapes:  [7.06254421]
0.026626215407143442
0.008357504280054565
new_shapes:  [10.14999123]
0.020291854498759823
0.005738714070511568
new_shapes:  [12.50300215]
0.014656591221967046
0.004643003645608057
new_shapes:  [9.96478428]
0.014146444951405678
0.0038409660196055237
new_shapes:  [13.56480946]
0.011093287446278887
0.0024028732783090683
new_shapes:  [21.31369749]
0.007291319038427607
0.0015979351980216824
new_shapes:  [20.8206305]
0.006073856193949685
0.0012696041606902373
new_shapes:  [22.8871827]
0.004527473723991267
0.0009484475706535898
new_shapes:  [22.78689861]
0.004780159838576603
0.0009379762271360219
new_shapes:  [25.97174767]
0.004681533234485785
0.0007435287605985751
new_shapes:  [39.644293]
0.005339274045072801
0.0006215014295783705
new_shapes:  [73.80404422]
0.054426950776463784
0.02557455899975672
0.02441885957885136
0.009478540756227465
new_shapes:  [6.63693847]
0.02056175212484644
0.008717320935136054
new_shapes:  [5.56357784]
0.015935777564024603
0.005844462050338927
new_shapes:  [7.434597]
0.016269486478369052
0.005396356631596668
new_shapes:  [9.08963416]
0.009696476003031702
0.0032790477117675305
new_shapes:  [8.74444765]
0.008640893146337637
0.002833963677123479
new_shapes:  [9.29669772]
0.009234155818003128
0.002500936135064696
new_shapes:  [13.63292967]
0.005596119398491707
0.001861242870371292
new_shapes:  [9.03998791]
0.005318393708011616
0.0016221448576093486
new_shapes:  [10.74933752]
0.006206937264567345
0.0014155907115608012
new_shapes:  [19.22557347]
0.004924393290199386
0.0011811629740675345
new_shapes:  [17.38144235]
0.006104267598776437
0.0009079931945941683
new_shapes:  [45.19620199]
