Lmod has detected the following error: Unable to find: "load".



Lmod has detected the following error: Unable to find: "load".



/cluster/work/emilamy/MasterThesisRaw/UtilitiesMaster.py:258: RuntimeWarning: overflow encountered in exp
  
0.04202387500001586
0.019301329695584298
0.007201396819393537
0.0019925816403475903
new_shapes:  [13.06174606]
0.006096268643240755
0.0017739825400255411
new_shapes:  [11.80944564]
0.004367695957783331
0.0010107055167368414
new_shapes:  [18.67478133]
0.004984746621586848
0.0008221636016139572
new_shapes:  [36.75950743]
0.004557575890462333
0.0006772436187711015
new_shapes:  [45.28746118]
0.004452121394732243
0.0004822682868781919
new_shapes:  [85.22295454]
0.003994270010166289
0.00038523164432040306
new_shapes:  [107.50556111]
0.004095851817120165
0.00038098638657358704
new_shapes:  [115.57650479]
0.004183631399117544
0.00033348728974691883
new_shapes:  [157.37953405]
0.00430644548279569
0.0003241333093087977
new_shapes:  [176.51864328]
0.004406440806741672
0.00030811630023860274
new_shapes:  [204.52506164]
0.004507121259204485
0.00027773445049145845
new_shapes:  [263.3534293]
0.06552185160444628
0.0314671372189705
0.010365523376861533
0.002953604009179705
new_shapes:  [12.31623404]
0.006920777977342182
0.0012037862189166262
new_shapes:  [33.05301645]
0.0056531114399483275
0.000998534784933717
new_shapes:  [32.0515249]
0.005142041973646879
0.0009175245660920265
new_shapes:  [31.40767822]
0.005774921568364044
0.0008103506345684893
new_shapes:  [50.7862595]
0.005320011531734253
0.0006129551265039406
new_shapes:  [75.32996819]
0.005359319126065553
0.0005665438062757738
new_shapes:  [89.48541255]
0.004732785061233548
0.00045445999571448964
new_shapes:  [108.45316807]
0.004801187583613729
0.0004029940453769501
new_shapes:  [141.9384605]
0.004768500980330875
0.0003927625556097341
new_shapes:  [147.4020753]
0.004875376676455177
0.00039434279738993723
new_shapes:  [152.85108465]
0.005039674583177417
0.00040948190573746355
new_shapes:  [151.47311525]
0.06187670594776641
0.031089363544466415
0.02392090616706034
0.006614748079368727
new_shapes:  [13.07761769]
0.016854384886551166
0.0045746491253773934
new_shapes:  [13.57407473]
0.011829661677867531
0.003664308146997847
new_shapes:  [10.42223046]
0.007523163375049983
0.0021686552390775163
new_shapes:  [12.03427565]
0.008474805587817496
0.0020250577269730155
new_shapes:  [17.51397288]
0.007961664751565173
0.0019814185064961254
new_shapes:  [16.1456429]
0.008278083919137563
0.0020315436173343276
new_shapes:  [16.60379441]
0.00612582219465163
0.0016173113615261562
new_shapes:  [14.34635255]
0.006016757162590871
0.001172952340972233
new_shapes:  [26.31262853]
0.006385898139951598
0.0010640554602873618
new_shapes:  [36.01765589]
0.006835806292596723
0.0009131491252981598
new_shapes:  [56.03973594]
0.006633226565301528
0.0008497585712707252
new_shapes:  [60.933841]
0.04461840896354497
0.016083974145597646
0.009624381117468961
0.004146825435864344
new_shapes:  [5.38659244]
0.006797496031188485
0.002636771774347814
new_shapes:  [6.64588532]
0.007079462926543305
0.0025484055924728873
new_shapes:  [7.71726697]
0.006313442590212677
0.0016203735265919257
new_shapes:  [15.18106337]
0.006214396961124057
0.0012261461268547312
new_shapes:  [25.68700805]
0.007111776877488654
0.0012127583392922353
new_shapes:  [34.38806241]
0.006445554259197854
0.0007584819785525239
new_shapes:  [72.21543048]
0.006368665326540309
0.0006827782464661347
new_shapes:  [87.00365604]
0.0061542242585880536
0.0005984004176176594
new_shapes:  [105.77008654]
0.005534264381392318
0.0005400946162625107
new_shapes:  [104.99777794]
0.0054232660971798895
0.0005457758169487174
new_shapes:  [98.74002917]
0.005110384024112849
0.0004381295554997532
new_shapes:  [136.05107311]
0.0785585464778302
0.03627960155077028
0.04748959248476465
0.016253279331720244
new_shapes:  [8.53718882]
0.01111675714201047
0.0032471423529547945
new_shapes:  [11.7207008]
0.005310619998008173
0.0014212292207468537
new_shapes:  [13.9624682]
0.005610741453044674
0.0008930926959863858
new_shapes:  [39.4682107]
0.00527787998673388
0.0007387858730452519
new_shapes:  [51.03661435]
0.004870384210644182
0.0005902800369150705
new_shapes:  [68.07854325]
0.00498147121597895
0.0005482302409383821
new_shapes:  [82.5637242]
0.005320489124102346
0.00044482295238090845
new_shapes:  [143.06346616]
0.005425586568973582
0.00039118157635384783
new_shapes:  [192.36967435]
0.005389738083025824
0.0003849686472274846
new_shapes:  [196.01287558]
0.005302259251058794
0.00032695899827079434
new_shapes:  [262.98763452]
0.005195015829470618
0.0003265072772013956
new_shapes:  [253.15588044]
slurmstepd: error: Unable to unlink domain socket `/var/slurm_spool/idun-02-12_216701.4294967291`: No such file or directory
