Lmod has detected the following error: Unable to find: "load".



Lmod has detected the following error: Unable to find: "load".



/cluster/work/emilamy/MasterThesisRaw/UtilitiesMaster.py:258: RuntimeWarning: overflow encountered in exp
  
0.11142096522661642
0.049248117570066245
0.054685007130483736
0.02159003417169338
new_shapes:  [6.4154908]
0.018927742450507268
0.006037192546385047
new_shapes:  [9.82941296]
0.0115778485680823
0.00338714085011664
new_shapes:  [11.68393727]
0.011677935518750774
0.0035284633113225805
new_shapes:  [10.95370231]
0.004993745404350465
0.0015835508365719241
new_shapes:  [9.94463331]
0.005218600152890227
0.0013418992846770462
new_shapes:  [15.12405342]
0.0050883620962492255
0.001085869533251223
new_shapes:  [21.95840149]
0.005042348478164663
0.0011415249029951638
new_shapes:  [19.51169203]
0.0054979149863660795
0.0011408041230247926
new_shapes:  [23.22597082]
0.005563198158980622
0.000949377859907261
new_shapes:  [34.33767298]
0.005764786673774813
0.0009845292155264954
new_shapes:  [34.28540353]
0.0057702617448872175
0.0008217508940502045
new_shapes:  [49.30723585]
0.042888444187066825
0.016969510560760417
0.009705600528707291
0.0037044373977028183
new_shapes:  [6.864364]
0.0065025144433229105
0.002692700136457254
new_shapes:  [5.83158575]
0.0049039074289869995
0.0017994197713520096
new_shapes:  [7.42710478]
0.004473156859371536
0.0012271412764144419
new_shapes:  [13.28737301]
0.005289808863125932
0.00076065465678222
new_shapes:  [48.36207242]
0.00576779524271216
0.000773156146144538
new_shapes:  [55.65257245]
0.005719183588492358
0.000710174087065939
new_shapes:  [64.85424866]
0.0055939417584703255
0.0006171514822425101
new_shapes:  [82.15846716]
0.005389163304749882
0.0004971168905246787
new_shapes:  [117.5237523]
0.005225096497402117
0.00043943328592218174
new_shapes:  [141.38480262]
0.005164336204159776
0.00041939653039164325
new_shapes:  [151.62797975]
0.005256933126482066
0.00044070542198932033
new_shapes:  [142.28794839]
0.06704780962651109
0.03205284017445263
0.03578963578780143
0.015089103437601203
new_shapes:  [5.62584401]
0.025623011231880426
0.008904725851462007
new_shapes:  [8.27978819]
0.01420934831989083
0.004696649143314251
new_shapes:  [9.15318172]
0.007794640118410369
0.0027111152755661277
new_shapes:  [8.26601462]
0.00775418351985397
0.00274312994688478
new_shapes:  [7.99059994]
0.007331425520775454
0.002688480769168919
new_shapes:  [7.43640416]
0.004111118631206578
0.0015944400323374428
new_shapes:  [6.6481933]
0.0033839590303692533
0.0013196621219899846
new_shapes:  [6.57543804]
0.003621836139861358
0.0012604203261670634
new_shapes:  [8.25708584]
0.004068113264952733
0.0011502309950172528
new_shapes:  [12.50880838]
0.0045463368850931695
0.000965858433477758
new_shapes:  [22.15625095]
0.005496375142898255
0.0007983361902173331
new_shapes:  [47.40030098]
0.05895293597316085
0.02771601702999061
0.018950457452083905
0.008668760989253543
new_shapes:  [4.77887134]
0.009267603023124082
0.0029511053742294984
new_shapes:  [9.86200938]
0.004862980716331484
0.0017091544506106949
new_shapes:  [8.09547758]
0.004174016375249167
0.0014503646949076043
new_shapes:  [8.28235532]
0.004066215111888041
0.0012172010490757615
new_shapes:  [11.15979107]
0.00474931005935645
0.0011503961299357507
new_shapes:  [17.0437919]
0.004215004497479083
0.0009492208284352213
new_shapes:  [19.71794116]
0.0036966901566079144
0.0007420546197186946
new_shapes:  [24.81729001]
0.004067872438565552
0.0006539961829605417
new_shapes:  [38.68870778]
0.004539096072960859
0.0005357651879293737
new_shapes:  [71.77773791]
0.004543828863796539
0.00038578132553662616
new_shapes:  [138.727171]
0.004491702307379174
0.000279682437727136
new_shapes:  [257.92387074]
0.06562919798233474
0.029872139099327528
0.011442117752626425
0.003978473719705668
new_shapes:  [8.27141552]
0.009009494746492283
0.0029549043075823246
new_shapes:  [9.29638348]
0.008547807748327705
0.0028093309734998993
new_shapes:  [9.25771222]
0.008163669656820109
0.0023415666743680954
new_shapes:  [12.15507907]
0.006850117551527998
0.002375411547799094
new_shapes:  [8.31607355]
0.007225196762574809
0.0024460206291350276
new_shapes:  [8.72527505]
0.00675720308281653
0.0021323818578350795
new_shapes:  [10.04162469]
0.006382689407905961
0.0023431555018445954
new_shapes:  [7.42002213]
0.007293093201335273
0.002096734445024925
new_shapes:  [12.09864316]
0.007616770516629939
0.0015546366762969267
new_shapes:  [24.0040169]
0.005460687940606433
0.0013064182946010612
new_shapes:  [17.47150073]
0.005193912022470722
0.0009407575281657047
new_shapes:  [30.48132022]
