Lmod has detected the following error: Unable to find: "load".



Lmod has detected the following error: Unable to find: "load".



0.042247346628972185
0.016697286648984986
0.014338378749017198
0.004874372036782096
new_shapes:  [8.6529212]
0.00893425584014327
0.0018022131948189973
new_shapes:  [24.57561752]
0.006992319924426968
0.0014445137770090224
new_shapes:  [23.43145216]
0.006074833781659856
0.0012170239497211095
new_shapes:  [24.91555406]
0.004575598654680392
0.0007214225400398273
new_shapes:  [40.22688767]
0.004592826009831415
0.0005234375589821976
new_shapes:  [76.98927372]
0.004534932677564881
0.0005290912813651147
new_shapes:  [73.46499922]
0.004646357686084354
0.0004731770118153711
new_shapes:  [96.422415]
0.004372356834976832
0.0003873070826568146
new_shapes:  [127.4442713]
0.004648350140394505
0.0003260606063172206
new_shapes:  [203.23617128]
0.004578628812118807
0.0003232038421438126
new_shapes:  [200.68635446]
0.004583551567073001
0.00030153266051882917
new_shapes:  [231.0657222]
0.04064940012605412
0.01643387808731139
0.019855289469589057
0.00557591481179341
new_shapes:  [12.68002722]
0.010708962820306629
0.0017474643825730438
new_shapes:  [37.55589848]
0.009318316775777479
0.001487836131358954
new_shapes:  [39.2251613]
0.009369984303233703
0.0013716744352120396
new_shapes:  [46.66332032]
0.006425587642413701
0.0007932116890976636
new_shapes:  [65.62170227]
0.0063969309216475355
0.0007049279568607731
new_shapes:  [82.34815106]
0.005561508188798177
0.0005173278913836978
new_shapes:  [115.57219843]
0.005187679867954741
0.0004313017416165137
new_shapes:  [144.67180904]
0.005218310390398796
0.0004099554719731096
new_shapes:  [162.02664536]
0.005256041472490771
0.0003795586859814184
new_shapes:  [191.76074036]
0.005122247040300111
0.00033640031967928873
new_shapes:  [231.85060884]
0.0051033529099281825
0.00030205965489687314
new_shapes:  [285.44718215]
0.05919400120795695
0.02437238697125666
0.023533001980705816
0.007545764331437127
new_shapes:  [9.72631181]
0.011794074547299223
0.0032591251065505096
new_shapes:  [13.0956082]
0.006520284569154243
0.0014345726881282589
new_shapes:  [20.65798625]
0.00512459962131118
0.0011007109559881695
new_shapes:  [21.67570849]
0.0058096281174207865
0.000763126711547901
new_shapes:  [57.95666091]
0.005754356631268315
0.0007126252833506104
new_shapes:  [65.203528]
0.005244749697167094
0.0005645862885293557
new_shapes:  [86.29564511]
0.005119844997889571
0.0004412912946832498
new_shapes:  [134.60553098]
0.004958970083819007
0.00040362422009219425
new_shapes:  [150.94840865]
0.005091172338558668
0.0003908413388934246
new_shapes:  [169.68154581]
0.004932394547457023
0.00036166343778162526
new_shapes:  [185.99719968]
0.004932215636624165
0.00034434132039106726
new_shapes:  [205.16620746]
0.06990280497564544
0.032727064047362586
0.009271345330451718
0.002568365916619687
new_shapes:  [13.0308192]
0.007917850741371803
0.002036000266218112
new_shapes:  [15.12373157]
0.007778523627310192
0.00127525714077819
new_shapes:  [37.20478699]
0.007860785988864262
0.0012203111738924302
new_shapes:  [41.49452233]
0.006455044408753757
0.0011906194474280635
new_shapes:  [29.39358275]
0.006654432461063172
0.0008379664642927441
new_shapes:  [63.06214901]
0.005920951025841175
0.000697995583782038
new_shapes:  [71.95775214]
0.005677562283913011
0.0006424680946251214
new_shapes:  [78.09454232]
0.0060085797675279735
0.0005374738891668518
new_shapes:  [124.9766619]
0.005684317593815947
0.0005152849986301572
new_shapes:  [121.69189985]
0.005725686581949194
0.0005102900057467897
new_shapes:  [125.89863396]
0.005173654708659825
0.0004375920972156331
new_shapes:  [139.78350966]
0.07756404492154971
0.03713629957272722
0.028318279728129597
0.011640705685126334
new_shapes:  [5.91800213]
0.025919392887109732
0.00977151860269794
new_shapes:  [7.03599502]
0.020927056124463227
0.005154851946983518
new_shapes:  [16.48101237]
0.013185185621975203
0.0024066549260110593
new_shapes:  [30.01544926]
0.010747295831055546
0.0021238486291811497
new_shapes:  [25.60656277]
0.005590205684864238
0.0013192623380276153
new_shapes:  [17.95532399]
0.004802145132726614
0.0009442456005727924
new_shapes:  [25.86429367]
0.005333129541454445
0.0007935260592534319
new_shapes:  [45.16914591]
0.005554877824285677
0.0007672664316312467
new_shapes:  [52.41512512]
0.00535178731055427
0.0005973161877987855
new_shapes:  [80.27662797]
0.005272929171222683
0.0005403321292169139
new_shapes:  [95.23186527]
0.005357009934508124
0.0005048070351243559
new_shapes:  [112.61444636]
