Lmod has detected the following error: Unable to find: "load".



Lmod has detected the following error: Unable to find: "load".



/cluster/work/emilamy/MasterThesisRaw/UtilitiesMaster.py:258: RuntimeWarning: overflow encountered in exp
  return np.exp(old - min(old,new)),np.exp(new - min(old,new))
0.0536503307388802
0.025228980100550018
0.02509224084049522
0.010370936492983955
new_shapes:  [5.85386827]
0.02199696945172894
0.007333738425514376
new_shapes:  [8.99652667]
0.014340312913811288
0.005513701563406828
new_shapes:  [6.7644228]
0.01279298728047423
0.004678404549863131
new_shapes:  [7.47736171]
0.010061613349694154
0.003594645273461887
new_shapes:  [7.83471438]
0.009149612722458456
0.0028187467185433633
new_shapes:  [10.53642589]
0.008718089928385785
0.0027730106127471284
new_shapes:  [9.88415678]
0.008789989533121064
0.002661815649150872
new_shapes:  [10.90487691]
0.008205863435873852
0.0027419588235954168
new_shapes:  [8.95626042]
0.006416653235577744
0.0023095135873497674
new_shapes:  [7.7192676]
0.0055974251077974225
0.0020668802979961305
new_shapes:  [7.33408488]
0.005622991779623102
0.0021304536078794495
new_shapes:  [6.96611651]
0.05387147677423954
0.018547330809986513
0.017818876157025456
0.005540065841385678
new_shapes:  [10.34500647]
0.012532385358778436
0.004301427816021778
new_shapes:  [8.48871988]
0.007003475691142638
0.002655585532787252
new_shapes:  [6.9551526]
0.005156000145701108
0.0018832722131885448
new_shapes:  [7.49548336]
0.003962906177697373
0.0013026794722663265
new_shapes:  [9.25448896]
0.0043239814789665315
0.0013749266709844183
new_shapes:  [9.89027977]
0.004988882111036999
0.0012077822913203857
new_shapes:  [17.06196976]
0.00604547756593067
0.0008487465123917981
new_shapes:  [50.73471468]
0.005702182055829127
0.0006036430285977579
new_shapes:  [89.23223675]
0.0058571066749606914
0.0006206334329563978
new_shapes:  [89.06271578]
0.005946984850904668
0.0005693539188316057
new_shapes:  [109.10107654]
0.005854703456824086
0.000520660244985148
new_shapes:  [126.44479853]
0.06859777725943114
0.031958714481102914
0.011836575700035249
0.0041747594451977624
new_shapes:  [8.03876343]
0.0067097652034312045
0.001645934841717376
new_shapes:  [16.61840615]
0.005500695028214021
0.0011905980163068697
new_shapes:  [21.34542594]
0.00498962205989346
0.0011657348829933031
new_shapes:  [18.32043231]
0.0042865842764873985
0.000919680585814048
new_shapes:  [21.72444527]
0.00432275208360423
0.0009108355973997128
new_shapes:  [22.52374836]
0.004152812846459174
0.0007733368559152654
new_shapes:  [28.8368157]
0.004423138740448249
0.0007660560338211284
new_shapes:  [33.33803889]
0.005127651617911948
0.0006538515521775624
new_shapes:  [61.50050804]
0.005093458861877279
0.0006621329921035608
new_shapes:  [59.17457531]
0.0052917751593686115
0.0006283551542330275
new_shapes:  [70.92386638]
0.005260332561022863
0.0006053289846670894
new_shapes:  [75.51678002]
0.08097580032777343
0.035175834335744616
0.0353892831237181
0.015379519457607647
new_shapes:  [5.29490288]
0.02710919035342827
0.010530098775851995
new_shapes:  [6.62778183]
0.01015374306953989
0.0037622514472983653
new_shapes:  [7.28377805]
0.008967741407998218
0.0029009036611622936
new_shapes:  [9.55651489]
0.009716168616485419
0.0027386629287689747
new_shapes:  [12.58673011]
0.00836285430304199
0.002660268777635767
new_shapes:  [9.88229983]
0.007117469798195078
0.0020916855752721817
new_shapes:  [11.57866431]
0.005351944088265494
0.0014415934902975906
new_shapes:  [13.78280178]
0.004240263059863772
0.0009255911159222563
new_shapes:  [20.98684939]
0.004207883529956743
0.000880571418373937
new_shapes:  [22.83485462]
0.004434531753771157
0.0007517112452020776
new_shapes:  [34.80113786]
0.0045094342296132
0.0006790338570927136
new_shapes:  [44.10230172]
0.05676509799435704
0.024084550153437533
0.010800889516196609
0.0043172158902581755
new_shapes:  [6.25909457]
0.010760328758767822
0.0033661541247811118
new_shapes:  [10.21840442]
0.009494563662288078
0.002580093462832422
new_shapes:  [13.54188573]
0.00910588367932756
0.0018659690803977396
new_shapes:  [23.81416236]
0.007909415711517443
0.0015670949083768115
new_shapes:  [25.47406223]
0.007474383158745649
0.0015623343053134038
new_shapes:  [22.8877329]
0.005700678287705732
0.0014292903277901552
new_shapes:  [15.90787449]
0.006015437130559455
0.0009799515992934035
new_shapes:  [37.68123535]
0.005372060889497605
0.0009202656785957884
new_shapes:  [34.076533]
0.005080232950507111
0.000816200417227211
new_shapes:  [38.74124999]
0.005227282857605542
0.0008136104188568456
new_shapes:  [41.27803354]
0.005667808930754336
0.0008232339396028537
new_shapes:  [47.40060323]
