Lmod has detected the following error: Unable to find: "load".



Lmod has detected the following error: Unable to find: "load".



/cluster/work/emilamy/MasterThesisRaw/UtilitiesMaster.py:258: RuntimeWarning: overflow encountered in exp
  return np.exp(old - min(old,new)),np.exp(new - min(old,new))
0.04056674966341675
0.018391101384377922
0.026943703871031014
0.011337837533954427
new_shapes:  [5.64747262]
0.02674598958047402
0.010971888641176446
new_shapes:  [5.94229981]
0.024935134154663974
0.011201454476368599
new_shapes:  [4.95535282]
0.023294642467647442
0.008807068281095414
new_shapes:  [6.99599308]
0.01941236212292872
0.007031986578282452
new_shapes:  [7.62080242]
0.018076356747681797
0.006974854487875391
new_shapes:  [6.71663123]
0.016468856636939085
0.005738797652368122
new_shapes:  [8.23540713]
0.00996863907123667
0.0030572434148184117
new_shapes:  [10.63192018]
0.007877238928944132
0.0025657962790149934
new_shapes:  [9.42548475]
0.008520790784173666
0.002220997825925675
new_shapes:  [14.71849949]
0.0058351582133021225
0.0014510280421001888
new_shapes:  [16.17162495]
0.004325181002914148
0.001212923352471939
new_shapes:  [12.71574642]
0.06764101305417053
0.0323229475981362
0.03808722081414551
0.0155704828547548
new_shapes:  [5.98348775]
0.024062250347739168
0.009867881237656178
new_shapes:  [5.94599656]
0.014067608961619236
0.0059975877718670394
new_shapes:  [5.50157896]
0.012502285734318027
0.004703737234713027
new_shapes:  [7.06468391]
0.009448829077751611
0.0034574475016468575
new_shapes:  [7.46869625]
0.007658989921390657
0.0032691794634181976
new_shapes:  [5.48864917]
0.01102306682859994
0.003429948502197097
new_shapes:  [10.32831992]
0.009412977430915253
0.002837370375797621
new_shapes:  [11.00580908]
0.005853908261178817
0.0017846629096955628
new_shapes:  [10.75918632]
0.005685743196925094
0.0016745572640624114
new_shapes:  [11.52854433]
0.005722616919013545
0.0015306722277822564
new_shapes:  [13.97735334]
0.00529046763147905
0.0015288049673367879
new_shapes:  [11.97523247]
0.06326727146102308
0.028775651232053806
0.025787054980947074
0.00851864657936664
new_shapes:  [9.16351914]
0.013433082092919123
0.0036365963346565357
new_shapes:  [13.64461055]
0.007943276959255265
0.002343582355858515
new_shapes:  [11.48785569]
0.007076311908427986
0.0018275496301853249
new_shapes:  [14.99255239]
0.005791095726261902
0.0014234847806417117
new_shapes:  [16.5506796]
0.005780242156518968
0.0012200202209988222
new_shapes:  [22.44698459]
0.0056530960262433
0.0010825902578581448
new_shapes:  [27.26744816]
0.005806384565916132
0.0009056234672878454
new_shapes:  [41.10704489]
0.005751665791506119
0.0007495670484084724
new_shapes:  [58.87979821]
0.00546021468292537
0.0005801293564973103
new_shapes:  [88.5869504]
0.00581652089043096
0.0005147693198337872
new_shapes:  [127.67364995]
0.005625944981552858
0.00044839997170264764
new_shapes:  [157.41996387]
0.04355789903920705
0.016253875838166794
0.020998884140690594
0.0074007038417070875
new_shapes:  [8.05093619]
0.017064898200159922
0.005278187359305398
new_shapes:  [10.45292415]
0.012962453259732144
0.0033237327500256256
new_shapes:  [15.20975485]
0.008824451831536432
0.002298755316926704
new_shapes:  [14.73635178]
0.007629149660769857
0.0015942340257553448
new_shapes:  [22.90066643]
0.005125615127703722
0.0013588896111163724
new_shapes:  [14.22733733]
0.0048202041780642324
0.0011476899349604909
new_shapes:  [17.63931532]
0.005623059187808521
0.0009357996606837721
new_shapes:  [36.10601373]
0.005391374744408483
0.000816108820115028
new_shapes:  [43.64182432]
0.005736715087619233
0.0005949375503170718
new_shapes:  [92.97877089]
0.006109613275974097
0.0005127150884486792
new_shapes:  [141.99571734]
0.006278018875734239
0.00038246833365343015
new_shapes:  [269.43515902]
0.07361525052232647
0.035876299033507586
0.040848547145455785
0.019328802680198043
new_shapes:  [4.46625303]
0.024518098773941656
0.008005635638631653
new_shapes:  [9.37954865]
0.021300788656810277
0.005928930335544205
new_shapes:  [12.90739711]
0.013700584127531291
0.0034554556091089574
new_shapes:  [15.72054258]
0.00973290838896161
0.002605042349200062
new_shapes:  [13.95904462]
0.007824090365558428
0.002237538133023282
new_shapes:  [12.22719461]
0.006546665735302218
0.0016655946405909363
new_shapes:  [15.44904736]
0.005817766751607255
0.0014396213494638206
new_shapes:  [16.33112314]
0.006396707909566515
0.0011855975899881068
new_shapes:  [29.10974658]
0.006061078724753029
0.0009204455031223245
new_shapes:  [43.36143929]
0.00647075104369417
0.00075443142333396
new_shapes:  [73.5647636]
0.005610176542075118
0.0005858129696318688
new_shapes:  [91.71388505]
