Lmod has detected the following error: Unable to find: "load".



Lmod has detected the following error: Unable to find: "load".



/cluster/work/emilamy/MasterThesisRaw/UtilitiesMaster.py:241: RuntimeWarning: overflow encountered in exp
  return np.exp(old - min(old,new)),np.exp(new - min(old,new))
/cluster/work/emilamy/dataci/lib/python3.6/site-packages/scipy/stats/_continuous_distns.py:2821: RuntimeWarning: overflow encountered in exp
  return np.exp(self._logpdf(x, a))
/cluster/work/emilamy/MasterThesisRaw/UtilitiesMaster.py:222: RuntimeWarning: invalid value encountered in double_scalars
  gamma.pdf(theta_next[i],a=shapes[i],scale=theta_prior[i]/shapes[i])
/cluster/work/emilamy/MasterThesisRaw/UtilitiesMaster.py:222: RuntimeWarning: divide by zero encountered in double_scalars
  gamma.pdf(theta_next[i],a=shapes[i],scale=theta_prior[i]/shapes[i])
/cluster/work/emilamy/MasterThesisRaw/UtilitiesMaster.py:290: RuntimeWarning: divide by zero encountered in log
  log_posterior += np.log(np.sum(vp)/self.P)
/cluster/work/emilamy/MasterThesisRaw/UtilitiesMaster.py:171: RuntimeWarning: invalid value encountered in true_divide
  return vp/np.sum(vp)
/cluster/work/emilamy/MasterThesisRaw/UtilitiesMaster.py:220: RuntimeWarning: invalid value encountered in double_scalars
  gamma.pdf(theta_prior[i],a=self.shapes_prior[i],scale=1/self.rates_prior[i])
/cluster/work/emilamy/MasterThesisRaw/UtilitiesMaster.py:220: RuntimeWarning: divide by zero encountered in double_scalars
  gamma.pdf(theta_prior[i],a=self.shapes_prior[i],scale=1/self.rates_prior[i])
/cluster/work/emilamy/MasterThesisRaw/UtilitiesMaster.py:174: RuntimeWarning: divide by zero encountered in log
  h = -np.sum(vp_normalized*np.log(vp_normalized))
/cluster/work/emilamy/MasterThesisRaw/UtilitiesMaster.py:174: RuntimeWarning: invalid value encountered in multiply
  h = -np.sum(vp_normalized*np.log(vp_normalized))
Traceback (most recent call last):
  File "LargeScaleConst1.py", line 42, in <module>
    means,entrs,optms,W,posts = design.onlineDesign_wh(nofreq =False,constant = True, random = False, optimised = False)
  File "/cluster/work/emilamy/MasterThesisRaw/UtilitiesMaster.py", line 686, in onlineDesign_wh
    sample = inference_whole.standardMH()
  File "/cluster/work/emilamy/MasterThesisRaw/UtilitiesMaster.py", line 333, in standardMH
    _,_,old_log_post = self.particle_filter(theta_prior[0],theta_prior[1])
  File "/cluster/work/emilamy/MasterThesisRaw/UtilitiesMaster.py", line 282, in particle_filter
    wp = self.resampling(v_normalized,wp)
  File "/cluster/work/emilamy/MasterThesisRaw/UtilitiesMaster.py", line 178, in resampling
    wp_new = np.copy(wp)
  File "<__array_function__ internals>", line 6, in copy
  File "/cluster/work/emilamy/dataci/lib/python3.6/site-packages/numpy/lib/function_base.py", line 792, in copy
    return array(a, order=order, subok=subok, copy=True)
numpy.core._exceptions.MemoryError: Unable to allocate 11.4 MiB for an array with shape (50, 30000) and data type float64
