Lmod has detected the following error: Unable to find: "load".



Lmod has detected the following error: Unable to find: "load".



/cluster/work/emilamy/dataci/lib/python3.6/site-packages/scipy/stats/_continuous_distns.py:2821: RuntimeWarning: overflow encountered in exp
  return np.exp(self._logpdf(x, a))
/cluster/work/emilamy/MasterThesisRaw/UtilitiesMaster.py:236: RuntimeWarning: invalid value encountered in double_scalars
  gamma.pdf(theta_next[i],a=shapes[i],scale=theta_prior[i]/shapes[i])
/cluster/work/emilamy/MasterThesisRaw/UtilitiesMaster.py:236: RuntimeWarning: divide by zero encountered in double_scalars
  gamma.pdf(theta_next[i],a=shapes[i],scale=theta_prior[i]/shapes[i])
/cluster/work/emilamy/MasterThesisRaw/UtilitiesMaster.py:241: RuntimeWarning: overflow encountered in exp
  return np.exp(old - min(old,new)),np.exp(new - min(old,new))
/cluster/work/emilamy/MasterThesisRaw/UtilitiesMaster.py:290: RuntimeWarning: divide by zero encountered in log
  log_posterior += np.log(np.sum(vp)/self.P)
/cluster/work/emilamy/MasterThesisRaw/UtilitiesMaster.py:171: RuntimeWarning: invalid value encountered in true_divide
  return vp/np.sum(vp)
/cluster/work/emilamy/MasterThesisRaw/UtilitiesMaster.py:230: RuntimeWarning: divide by zero encountered in double_scalars
  prior_ratio = multivariate_normal.pdf(theta_next,mean,cov) / multivariate_normal.pdf(theta_prior,mean,cov)
/cluster/work/emilamy/dataci/lib/python3.6/site-packages/scipy/stats/_distn_infrastructure.py:1760: RuntimeWarning: divide by zero encountered in double_scalars
  x = np.asarray((x - loc)/scale, dtype=dtyp)
/cluster/work/emilamy/dataci/lib/python3.6/site-packages/scipy/stats/_distn_infrastructure.py:1760: RuntimeWarning: invalid value encountered in double_scalars
  x = np.asarray((x - loc)/scale, dtype=dtyp)
/cluster/work/emilamy/MasterThesisRaw/UtilitiesMaster.py:212: RuntimeWarning: invalid value encountered in double_scalars
  proposal = np.array([(np.random.gamma(new_shapes[i],theta[-1][i]/new_shapes[i])) for i in range(self.N)])
/cluster/work/emilamy/dataci/lib/python3.6/site-packages/numpy/linalg/linalg.py:2159: RuntimeWarning: invalid value encountered in det
  r = _umath_linalg.det(a, signature=signature)
/cluster/work/emilamy/MasterThesisRaw/UtilitiesMaster.py:222: RuntimeWarning: divide by zero encountered in double_scalars
  gamma.pdf(theta_next[i],a=shapes[i],scale=theta_prior[i]/shapes[i])
/cluster/work/emilamy/MasterThesisRaw/UtilitiesMaster.py:222: RuntimeWarning: invalid value encountered in double_scalars
  gamma.pdf(theta_next[i],a=shapes[i],scale=theta_prior[i]/shapes[i])
