Lmod has detected the following error: Unable to find: "load".



Lmod has detected the following error: Unable to find: "load".



/cluster/work/emilamy/MasterThesisRaw/UtilitiesMaster.py:241: RuntimeWarning: overflow encountered in exp
  return np.exp(old - min(old,new)),np.exp(new - min(old,new))
/cluster/work/emilamy/MasterThesisRaw/UtilitiesMaster.py:236: RuntimeWarning: divide by zero encountered in double_scalars
  gamma.pdf(theta_next[i],a=shapes[i],scale=theta_prior[i]/shapes[i])
/cluster/work/emilamy/MasterThesisRaw/UtilitiesMaster.py:236: RuntimeWarning: invalid value encountered in double_scalars
  gamma.pdf(theta_next[i],a=shapes[i],scale=theta_prior[i]/shapes[i])
/cluster/work/emilamy/dataci/lib/python3.6/site-packages/scipy/stats/_continuous_distns.py:2821: RuntimeWarning: overflow encountered in exp
  return np.exp(self._logpdf(x, a))
/cluster/work/emilamy/MasterThesisRaw/UtilitiesMaster.py:236: RuntimeWarning: overflow encountered in double_scalars
  gamma.pdf(theta_next[i],a=shapes[i],scale=theta_prior[i]/shapes[i])
Traceback (most recent call last):
  File "LargeScaleOptim5.py", line 21, in <module>
  File "/cluster/work/emilamy/MasterThesisRaw/UtilitiesMaster.py", line 686, in onlineDesign_wh
  File "/cluster/work/emilamy/MasterThesisRaw/UtilitiesMaster.py", line 333, in standardMH
  File "/cluster/work/emilamy/MasterThesisRaw/UtilitiesMaster.py", line 282, in particle_filter
  File "/cluster/work/emilamy/MasterThesisRaw/UtilitiesMaster.py", line 178, in resampling
  File "<__array_function__ internals>", line 6, in copy
  File "/cluster/work/emilamy/dataci/lib/python3.6/site-packages/numpy/lib/function_base.py", line 792, in copy
numpy.core._exceptions.MemoryError: Unable to allocate 11.4 MiB for an array with shape (50, 30000) and data type float64
slurmstepd: error: *** JOB 209032 ON idun-02-16 CANCELLED AT 2021-05-11T10:09:26 ***
