Lmod has detected the following error: Unable to find: "load".



Lmod has detected the following error: Unable to find: "load".



/cluster/work/emilamy/MasterThesisRaw/UtilitiesMaster.py:238: RuntimeWarning: overflow encountered in exp
  return np.exp(old - min(old,new)),np.exp(new - min(old,new))
/cluster/work/emilamy/MasterThesisRaw/UtilitiesMaster.py:287: RuntimeWarning: divide by zero encountered in log
  log_posterior += np.log(np.sum(vp)/self.P)
/cluster/work/emilamy/MasterThesisRaw/UtilitiesMaster.py:168: RuntimeWarning: invalid value encountered in true_divide
  return vp/np.sum(vp)
/cluster/work/emilamy/MasterThesisRaw/UtilitiesMaster.py:227: RuntimeWarning: invalid value encountered in double_scalars
  prior_ratio = multivariate_normal.pdf(theta_next,mean,cov) / multivariate_normal.pdf(theta_prior,mean,cov)
/cluster/work/emilamy/MasterThesisRaw/UtilitiesMaster.py:227: RuntimeWarning: divide by zero encountered in double_scalars
  prior_ratio = multivariate_normal.pdf(theta_next,mean,cov) / multivariate_normal.pdf(theta_prior,mean,cov)
/cluster/work/emilamy/MasterThesisRaw/UtilitiesMaster.py:233: RuntimeWarning: divide by zero encountered in double_scalars
  gamma.pdf(theta_next[i],a=shapes[i],scale=theta_prior[i]/shapes[i])
/cluster/work/emilamy/dataci/lib/python3.6/site-packages/scipy/stats/_continuous_distns.py:2821: RuntimeWarning: overflow encountered in exp
  return np.exp(self._logpdf(x, a))
/cluster/work/emilamy/MasterThesisRaw/UtilitiesMaster.py:233: RuntimeWarning: invalid value encountered in double_scalars
  gamma.pdf(theta_next[i],a=shapes[i],scale=theta_prior[i]/shapes[i])
[-5.659550498175973]
[-5.659550498175973, -5.577089989368585]
[-5.659550498175973, -5.577089989368585, -5.590147656161149]
[-5.659550498175973, -5.577089989368585, -5.590147656161149, -5.535074839562195]
[-6.100249316783731]
[-6.100249316783731, -5.986609632846695]
[-6.100249316783731, -5.986609632846695, -5.986760922610439]
[-6.100249316783731, -5.986609632846695, -5.986760922610439, -5.979692149453081]
[-7.222097119780498]
[-7.222097119780498, -7.148424413281752]
[-7.222097119780498, -7.148424413281752, -7.103452874474629]
[-7.222097119780498, -7.148424413281752, -7.103452874474629, -7.048355790944524]
[-7.057750618445935]
[-7.057750618445935, -6.983696448553824]
[-7.057750618445935, -6.983696448553824, -6.992691720551411]
[-7.057750618445935, -6.983696448553824, -6.992691720551411, -7.018792834566978]
[-7.061732106078063]
[-7.061732106078063, -7.004360248928127]
[-7.061732106078063, -7.004360248928127, -8.120979946412055]
[-7.061732106078063, -7.004360248928127, -8.120979946412055, -6.998213337353609]
[-7.490228549673111]
[-7.490228549673111, -7.520645171625017]
[-7.490228549673111, -7.520645171625017, -7.478071274131464]
[-7.490228549673111, -7.520645171625017, -7.478071274131464, -8.207865952336768]
[-7.721061920656764]
[-7.721061920656764, -7.655821527458355]
[-7.721061920656764, -7.655821527458355, -7.652902394599197]
[-7.721061920656764, -7.655821527458355, -7.652902394599197, -7.642441740540119]
[-7.667571525085869]
[-7.667571525085869, -7.758901072871588]
[-7.667571525085869, -7.758901072871588, -7.6736010825477745]
[-7.667571525085869, -7.758901072871588, -7.6736010825477745, -7.6730484029040635]
[-7.758395689086383]
[-7.758395689086383, -7.7132088043055775]
[-7.758395689086383, -7.7132088043055775, -7.73386995260433]
[-7.758395689086383, -7.7132088043055775, -7.73386995260433, -7.7152353849138375]
[-8.202306642362693]
[-8.202306642362693, -8.204953125891732]
[-8.202306642362693, -8.204953125891732, -8.129210360703052]
[-8.202306642362693, -8.204953125891732, -8.129210360703052, -8.157556134390735]
[-8.093416852236224]
[-8.093416852236224, -8.102014598403143]
[-8.093416852236224, -8.102014598403143, -8.045131107129249]
[-8.093416852236224, -8.102014598403143, -8.045131107129249, -8.04022732082078]
[-8.224409741952254]
[-8.224409741952254, -8.18836206601775]
[-8.224409741952254, -8.18836206601775, -8.149487103135792]
[-8.224409741952254, -8.18836206601775, -8.149487103135792, -8.16962069211484]
