Lmod has detected the following error: The following module(s) are unknown:
"GCCcore/.9.3.0"

Please check the spelling or version number. Also try "module spider ..."
It is also possible your cache file is out-of-date; it may help to try:
  $ module --ignore-cache load "GCCcore/.9.3.0"

Also make sure that all modulefiles written in TCL start with the string
#%Module



Lmod has detected the following error: The following module(s) are unknown:
"Python/3.8.2"

Please check the spelling or version number. Also try "module spider ..."
It is also possible your cache file is out-of-date; it may help to try:
  $ module --ignore-cache load "Python/3.8.2"

Also make sure that all modulefiles written in TCL start with the string
#%Module



/cluster/work/emilamy/MasterThesisRaw/UtilitiesMaster.py:268: RuntimeWarning: overflow encountered in exp
  return np.exp(old - min(old,new)),np.exp(new - min(old,new))
/cluster/work/emilamy/dataci/lib/python3.6/site-packages/scipy/stats/_continuous_distns.py:2821: RuntimeWarning: overflow encountered in exp
  return np.exp(self._logpdf(x, a))
/cluster/work/emilamy/MasterThesisRaw/UtilitiesMaster.py:233: RuntimeWarning: invalid value encountered in double_scalars
  gamma.pdf(theta_next[i],a=shapes[i],scale=theta_prior[i]/shapes[i])
/cluster/work/emilamy/MasterThesisRaw/UtilitiesMaster.py:233: RuntimeWarning: divide by zero encountered in double_scalars
  gamma.pdf(theta_next[i],a=shapes[i],scale=theta_prior[i]/shapes[i])
/cluster/work/emilamy/MasterThesisRaw/UtilitiesMaster.py:233: RuntimeWarning: overflow encountered in double_scalars
  gamma.pdf(theta_next[i],a=shapes[i],scale=theta_prior[i]/shapes[i])
